Arguments: 
  /Users/jeff0723/.nvm/versions/node/v18.13.0/bin/node /Users/jeff0723/.yarn/bin/yarn.js add dotenv

PATH: 
  /Users/jeff0723/.rvm/gems/ruby-3.0.0/bin:/Users/jeff0723/.rvm/gems/ruby-3.0.0@global/bin:/Users/jeff0723/.rvm/rubies/ruby-3.0.0/bin:/Users/jeff0723/Desktop/MyCode/Vanna-Labs/fork-zksync-era/bin:/Users/jeff0723/.wasmtime/bin:/Users/jeff0723/google-cloud-sdk/bin:/Users/jeff0723/.yarn/bin:/Users/jeff0723/.config/yarn/global/node_modules/.bin:/Users/jeff0723/.local/share/solana/install/active_release/bin:/Users/jeff0723/.nvm/versions/node/v18.13.0/bin:/opt/homebrew/bin:/opt/homebrew/sbin:/usr/local/bin:/System/Cryptexes/App/usr/bin:/usr/bin:/bin:/usr/sbin:/sbin:/Library/TeX/texbin:/usr/local/go/bin:/Library/Apple/usr/bin:/Users/jeff0723/Library/Android/sdk/platform-tools:/Users/jeff0723/.rvm/gems/ruby-3.0.0/bin:/Users/jeff0723/.rvm/gems/ruby-3.0.0@global/bin:/Users/jeff0723/.rvm/rubies/ruby-3.0.0/bin:/Users/jeff0723/Desktop/MyCode/Vanna-Labs/fork-zksync-era/bin:/Users/jeff0723/.wasmtime/bin:/Users/jeff0723/google-cloud-sdk/bin:/Users/jeff0723/.yarn/bin:/Users/jeff0723/.config/yarn/global/node_modules/.bin:/Users/jeff0723/.local/share/solana/install/active_release/bin:/Users/jeff0723/.nvm/versions/node/v18.13.0/bin:/opt/homebrew/bin:/opt/homebrew/sbin:/Users/jeff0723/.cargo/bin:/Users/jeff0723/go/bin:/Users/jeff0723/.foundry/bin:/Users/jeff0723/.rvm/bin:/Users/jeff0723/go/bin:/Users/jeff0723/.foundry/bin:/Users/jeff0723/.rvm/bin

Yarn version: 
  1.22.19

Node version: 
  18.13.0

Platform: 
  darwin arm64

Trace: 
  TypeError: Cannot read properties of undefined (reading 'manifest')
      at _loop (/Users/jeff0723/.yarn/lib/cli.js:6977:102)
      at _loop.next (<anonymous>)
      at Add.<anonymous> (/Users/jeff0723/.yarn/lib/cli.js:7035:27)
      at Generator.next (<anonymous>)
      at step (/Users/jeff0723/.yarn/lib/cli.js:310:30)
      at /Users/jeff0723/.yarn/lib/cli.js:321:13

npm manifest: 
  {
    "name": "hardhat-project",
    "devDependencies": {
      "@nomicfoundation/hardhat-toolbox": "^2.0.2",
      "hardhat": "^2.17.2"
    }
  }

yarn manifest: 
  No manifest

Lockfile: 
  No lockfile
